<?xml version="1.0" encoding="UTF-8"?>
<testsuite name="com.example.jvm.JvmApplicationTests" tests="1" skipped="0" failures="0" errors="0" timestamp="2024-10-20T06:58:49" hostname="AL02273362.local" time="0.409">
  <properties/>
  <testcase name="contextLoads()" classname="com.example.jvm.JvmApplicationTests" time="0.409"/>
  <system-out><![CDATA[15:58:48.814 [Test worker] INFO org.springframework.test.context.support.AnnotationConfigContextLoaderUtils -- Could not detect default configuration classes for test class [com.example.jvm.JvmApplicationTests]: JvmApplicationTests does not declare any static, non-private, non-final, nested classes annotated with @Configuration.
15:58:48.854 [Test worker] INFO org.springframework.boot.test.context.SpringBootTestContextBootstrapper -- Found @SpringBootConfiguration com.example.jvm.JvmApplication for test class com.example.jvm.JvmApplicationTests

  .   ____          _            __ _ _
 /\\ / ___'_ __ _ _(_)_ __  __ _ \ \ \ \
( ( )\___ | '_ | '_| | '_ \/ _` | \ \ \ \
 \\/  ___)| |_)| | | | | || (_| |  ) ) ) )
  '  |____| .__|_| |_|_| |_\__, | / / / /
 =========|_|==============|___/=/_/_/_/
 :: Spring Boot ::                (v3.2.5)

2024-10-20T15:58:49.012+09:00  INFO 23788 --- [jvm] [    Test worker] com.example.jvm.JvmApplicationTests      : Starting JvmApplicationTests using Java 17.0.8 with PID 23788 (started by user in /Users/user/Desktop/study/jvm)
2024-10-20T15:58:49.013+09:00  INFO 23788 --- [jvm] [    Test worker] com.example.jvm.JvmApplicationTests      : No active profile set, falling back to 1 default profile: "default"
2024-10-20T15:58:49.233+09:00  INFO 23788 --- [jvm] [    Test worker] com.example.jvm.JvmApplicationTests      : Started JvmApplicationTests in 0.323 seconds (process running for 0.815)
]]></system-out>
  <system-err><![CDATA[]]></system-err>
</testsuite>
